2025-06-14 23:39:08,417 - INFO - Starting Flask app on 127.0.0.1:5004 (debug=True)
2025-06-14 23:39:08,417 - INFO - Available endpoints:
2025-06-14 23:39:08,418 - INFO -   GET  /           - API documentation
2025-06-14 23:39:08,418 - INFO -   GET  /health     - Health check
2025-06-14 23:39:08,418 - INFO -   POST /api/generate-svg - Generate SVG
2025-06-14 23:39:08,418 - INFO -   POST /api/generate-parallel-svg - Parallel SVG generation
2025-06-14 23:39:08,517 - INFO - [31m[1mWARNING: This is a development server. Do not use it in a production deployment. Use a production WSGI server instead.[0m
 * Running on http://127.0.0.1:5004
2025-06-14 23:39:08,517 - INFO - [33mPress CTRL+C to quit[0m
2025-06-14 23:39:08,519 - INFO -  * Restarting with stat
2025-06-14 23:39:13,641 - INFO - Starting Flask app on 127.0.0.1:5004 (debug=True)
2025-06-14 23:39:13,642 - INFO - Available endpoints:
2025-06-14 23:39:13,642 - INFO -   GET  /           - API documentation
2025-06-14 23:39:13,642 - INFO -   GET  /health     - Health check
2025-06-14 23:39:13,642 - INFO -   POST /api/generate-svg - Generate SVG
2025-06-14 23:39:13,642 - INFO -   POST /api/generate-parallel-svg - Parallel SVG generation
2025-06-14 23:39:13,699 - WARNING -  * Debugger is active!
2025-06-14 23:39:13,747 - INFO -  * Debugger PIN: 637-776-835
2025-06-14 23:40:05,058 - INFO -  * Detected change in '/Users/varunisrani/pppp-1/parallel_svg_pipeline.py', reloading
2025-06-14 23:40:06,914 - INFO -  * Restarting with stat
2025-06-14 23:40:11,416 - INFO - Starting Flask app on 127.0.0.1:8000 (debug=True)
2025-06-14 23:40:11,417 - INFO - Available endpoints:
2025-06-14 23:40:11,417 - INFO -   GET  /           - API documentation
2025-06-14 23:40:11,417 - INFO -   GET  /health     - Health check
2025-06-14 23:40:11,417 - INFO -   POST /api/generate-svg - Generate SVG
2025-06-14 23:40:11,417 - INFO -   POST /api/generate-parallel-svg - Parallel SVG generation
2025-06-14 23:40:11,464 - WARNING -  * Debugger is active!
2025-06-14 23:40:11,504 - INFO -  * Debugger PIN: 637-776-835
